[2026-06-10 18:00:51] [INFO] CPU: %
[2026-06-10 18:00:51] [INFO] RAM: % (MB/MB)
[2026-06-10 18:00:52] [INFO] Load:  Cores: 4
[2026-06-10 18:00:52] [INFO] Disk /: 7%
[2026-06-10 18:00:52] [INFO] Disk /c: 47%
[2026-06-10 18:00:52] [INFO] Network  RX:0.0MB TX:0.0MB
[2026-06-10 18:00:52] [INFO] Processes: 7
[2026-06-10 18:00:53] [INFO] Check complete
[2026-06-10 12:48:31] [INFO] CPU: 4%
[2026-06-10 12:48:31] [INFO] RAM: 23% (1840MB/7944MB)
[2026-06-10 12:48:31] [INFO] Load: 7.35 Cores: 2
[2026-06-10 12:48:31] [INFO] Disk /: 33%
[2026-06-10 12:48:31] [INFO] Disk /dev/shm: 0%
[2026-06-10 12:48:31] [INFO] Disk /vscode: 72%
[2026-06-10 12:48:31] [INFO] Disk /tmp: 6%
[2026-06-10 12:48:31] [INFO] Disk /workspaces: 33%
[2026-06-10 12:48:31] [INFO] Network eth0 RX:6782.1MB TX:62.6MB
[2026-06-10 12:48:31] [INFO] Processes: 22
[2026-06-10 12:48:31] [INFO] Check complete
[2026-06-10 12:54:19] [INFO] CPU: 42%
[2026-06-10 12:54:19] [INFO] RAM: 22% (1775MB/7944MB)
[2026-06-10 12:54:19] [INFO] Load: 1.21 Cores: 2
[2026-06-10 12:54:19] [INFO] Disk /: 33%
[2026-06-10 12:54:19] [INFO] Disk /dev/shm: 0%
[2026-06-10 12:54:19] [INFO] Disk /vscode: 74%
[2026-06-10 12:54:19] [INFO] Disk /tmp: 6%
[2026-06-10 12:54:19] [INFO] Disk /workspaces: 33%
[2026-06-10 12:54:19] [INFO] Network eth0 RX:6816.0MB TX:66.1MB
[2026-06-10 12:54:19] [INFO] Processes: 22
[2026-06-10 12:54:19] [INFO] Check complete
[2026-06-10 14:30:08] [INFO] CPU: 10%
[2026-06-10 14:30:08] [ALERT] CPU breach: 10%
[2026-06-10 14:30:08] [INFO] RAM: 21% (1708MB/7944MB)
[2026-06-10 14:30:09] [ALERT] RAM breach: 21%
[2026-06-10 14:30:09] [INFO] Load: 0.17 Cores: 2
[2026-06-10 14:30:09] [INFO] Disk /: 33%
[2026-06-10 14:30:09] [ALERT] Disk breach: / at 33%
[2026-06-10 14:30:09] [INFO] Disk /dev/shm: 0%
[2026-06-10 14:30:09] [INFO] Disk /vscode: 75%
[2026-06-10 14:30:10] [ALERT] Disk breach: /vscode at 75%
[2026-06-10 14:30:10] [INFO] Disk /workspaces: 33%
[2026-06-10 14:30:10] [ALERT] Disk breach: /workspaces at 33%
[2026-06-10 14:30:10] [INFO] Disk /tmp: 4%
[2026-06-10 14:30:10] [ALERT] Disk breach: /tmp at 4%
[2026-06-10 14:30:10] [INFO] Network eth0 RX:5563.9MB TX:38.0MB
[2026-06-10 14:30:10] [INFO] Processes: 21
[2026-06-10 14:30:10] [INFO] Check complete
